<?xml version="1.0" encoding="UTF-8"?>
<!-- Generated by org.testng.reporters.JUnitReportReporter -->
<testsuite hostname="DESKTOP-0NJMRIR" name="VerifyTitle.Title_validation" tests="1" failures="0" timestamp="17 Jul 2018 07:50:11 GMT" time="107.116" errors="0">
  <testcase name="verifyApplicationTitle" time="107.116" classname="VerifyTitle.Title_validation"/>
</testsuite> <!-- VerifyTitle.Title_validation -->
